
> fitness-lms@0.1.0 dev
> next dev --turbopack

   ▲ Next.js 15.4.4 (Turbopack)
   - Local:        http://localhost:3000
   - Network:      http://192.168.1.247:3000
   - Environments: .env.local

 ✓ Starting...
 ✓ Ready in 956ms
 ○ Compiling /garden ...
 ✓ Compiled /garden in 1708ms
 GET /garden 200 in 2026ms
 ✓ Compiled /favicon.ico in 153ms
 GET /favicon.ico?favicon.45db1c09.ico 200 in 405ms
 ✓ Compiled /courses in 352ms
 GET /courses 200 in 389ms
 ✓ Compiled /exams in 231ms
 GET /exams 200 in 256ms
 GET /courses 200 in 130ms
 GET /favicon.ico?favicon.45db1c09.ico 200 in 222ms
 ✓ Compiled / in 229ms
 GET / 200 in 255ms
 GET /garden 200 in 47ms
 GET / 200 in 47ms
 GET /courses 200 in 42ms
 GET /exams 200 in 39ms
 ✓ Compiled /results in 263ms
 GET /results 200 in 288ms
 GET /results 200 in 58ms
 ✓ Compiled /dashboard in 214ms
 GET /dashboard 200 in 237ms
 GET / 200 in 39ms
 GET / 200 in 221ms
 GET /favicon.ico?favicon.45db1c09.ico 200 in 228ms
 GET /garden 200 in 39ms
 GET /courses 200 in 37ms
 GET /exams 200 in 43ms
 GET /results 200 in 47ms
 GET / 200 in 41ms
 GET /courses 200 in 43ms
 GET /courses 200 in 201ms
 GET /favicon.ico?favicon.45db1c09.ico 200 in 255ms
 GET /dashboard 200 in 42ms
 ✓ Compiled /auth in 269ms
 GET /auth 200 in 290ms
 GET /dashboard 200 in 31ms
 GET /dashboard 200 in 22ms
 GET /garden 200 in 47ms
 ⚠ Fast Refresh had to perform a full reload when ./src/lib/garden/api.ts changed. Read more: https://nextjs.org/docs/messages/fast-refresh-reload
 ✓ Compiled in 164ms
 GET /garden 200 in 279ms
 GET /favicon.ico?favicon.45db1c09.ico 200 in 220ms
 GET /garden 200 in 99ms
 GET /favicon.ico?favicon.45db1c09.ico 200 in 228ms
 GET /garden 200 in 116ms
 GET /favicon.ico?favicon.45db1c09.ico 200 in 219ms
 ⚠ Fast Refresh had to perform a full reload when ./src/lib/garden/api.ts changed. Read more: https://nextjs.org/docs/messages/fast-refresh-reload
 ✓ Compiled in 101ms
 GET /garden 200 in 128ms
 GET /favicon.ico?favicon.45db1c09.ico 200 in 215ms
 GET /garden 200 in 144ms
 GET /favicon.ico?favicon.45db1c09.ico 200 in 234ms
 GET /garden 200 in 107ms
 GET /favicon.ico?favicon.45db1c09.ico 200 in 223ms
 GET /dashboard 200 in 44ms
 GET /auth 200 in 26ms
 GET /auth 200 in 89ms
 GET /favicon.ico?favicon.45db1c09.ico 200 in 223ms
 GET /dashboard 200 in 35ms
 GET /dashboard 200 in 24ms
 GET /garden 200 in 48ms
 ✓ Compiled in 173ms
 GET /garden 200 in 149ms
 GET /garden 200 in 36ms
 ✓ Compiled /debug in 305ms
 GET /debug 200 in 529ms
 GET /garden 200 in 119ms
 GET /favicon.ico?favicon.45db1c09.ico 200 in 259ms
 ✓ Compiled in 120ms
 GET /debug 200 in 284ms
 GET /favicon.ico?favicon.45db1c09.ico 200 in 229ms
 GET /debug 200 in 122ms
 GET /favicon.ico?favicon.45db1c09.ico 200 in 222ms
 ✓ Compiled in 74ms
 ✓ Compiled in 113ms
 GET /debug 200 in 263ms
 GET /debug 200 in 110ms
 GET /favicon.ico?favicon.45db1c09.ico 200 in 222ms
 ⚠ Fast Refresh had to perform a full reload when ./src/contexts/AuthContextNew.tsx changed. Read more: https://nextjs.org/docs/messages/fast-refresh-reload
 ✓ Compiled in 120ms
 GET /debug 200 in 292ms
 GET /favicon.ico?favicon.45db1c09.ico 200 in 233ms
 GET /debug 200 in 176ms
 GET / 200 in 161ms
 GET /dashboard 200 in 56ms
 GET /auth 200 in 47ms
 GET /dashboard 200 in 29ms
 GET /dashboard 200 in 24ms
 GET /dashboard 200 in 117ms
 GET /favicon.ico?favicon.45db1c09.ico 200 in 221ms
 GET /garden 200 in 51ms
 GET /garden 200 in 136ms
 GET /favicon.ico?favicon.45db1c09.ico 200 in 234ms
 GET / 200 in 53ms
 GET /courses 200 in 55ms
 GET /exams 200 in 55ms
 GET /results 200 in 56ms
 GET /courses 200 in 44ms
 GET /courses 200 in 129ms
 GET /favicon.ico?favicon.45db1c09.ico 200 in 222ms
 GET /courses 200 in 146ms
 GET /favicon.ico?favicon.45db1c09.ico 200 in 243ms
 GET /courses 200 in 49ms
 GET /exams 200 in 49ms
 GET /results 200 in 45ms
 GET / 200 in 46ms
 GET /results 200 in 46ms
 GET / 200 in 47ms
 GET / 200 in 47ms
 GET / 200 in 45ms
 GET /garden 200 in 48ms
 ✓ Compiled /garden/themes in 366ms
 GET /garden/themes 200 in 520ms
 GET /garden 200 in 135ms
 ✓ Compiled /garden/demo-lesson in 232ms
 GET /garden/demo-lesson 200 in 337ms
 GET /garden 200 in 47ms
 GET /garden 200 in 151ms
 GET /favicon.ico?favicon.45db1c09.ico 200 in 233ms
 GET /garden 200 in 155ms
 GET /favicon.ico?favicon.45db1c09.ico 200 in 227ms
 GET /garden/demo-lesson 200 in 179ms
 GET /favicon.ico?favicon.45db1c09.ico 200 in 222ms
 GET /garden 200 in 46ms
 GET /garden 200 in 128ms
 GET /favicon.ico?favicon.45db1c09.ico 200 in 218ms
 ✓ Compiled in 98ms
 GET /garden 200 in 363ms
 GET /favicon.ico?favicon.45db1c09.ico 200 in 238ms
 GET /garden 200 in 159ms
 GET /favicon.ico?favicon.45db1c09.ico 200 in 242ms
 GET /garden 200 in 117ms
 GET /garden 200 in 178ms
 GET /favicon.ico?favicon.45db1c09.ico 200 in 222ms
 GET /garden 200 in 135ms
 ✓ Compiled in 152ms
 ✓ Compiled in 69ms
 GET /garden 200 in 368ms
 GET /favicon.ico?favicon.45db1c09.ico 200 in 236ms
 GET /courses 200 in 58ms
 GET /results 200 in 55ms
 GET /exams 200 in 47ms
 GET /courses 200 in 49ms
 GET /garden 200 in 55ms
 GET / 200 in 49ms
 GET /exams 200 in 63ms
 GET /courses 200 in 50ms
 GET /results 200 in 47ms
 GET /exams 200 in 44ms
 GET /courses 200 in 46ms
 GET /garden 200 in 53ms
 GET / 200 in 44ms
 GET / 200 in 273ms
 GET /favicon.ico?favicon.45db1c09.ico 200 in 238ms
 GET /courses 200 in 44ms
 ○ Compiling /courses/[id] ...
 ✓ Compiled /courses/[id] in 591ms
 GET /courses/19 200 in 1079ms
 ✓ Compiled /_not-found/page in 417ms
 GET /api/health 404 in 535ms
 GET /courses/19 200 in 57ms
 ✓ Compiled in 121ms
 ⚠ Fast Refresh had to perform a full reload when ./src/lib/garden/api.ts changed. Read more: https://nextjs.org/docs/messages/fast-refresh-reload
 ✓ Compiled in 106ms
 GET /courses/19 200 in 418ms
 GET /favicon.ico?favicon.45db1c09.ico 200 in 238ms
 GET /courses/19 200 in 146ms
 GET /favicon.ico?favicon.45db1c09.ico 200 in 247ms
 GET /courses 200 in 134ms
 GET /courses 200 in 208ms
 GET /favicon.ico?favicon.45db1c09.ico 200 in 220ms
 GET /courses 200 in 193ms
 GET /favicon.ico?favicon.45db1c09.ico 200 in 235ms
